method = sample (Default)
  sample
    num_samples = 1000 (Default)
    num_warmup = 500
    save_warmup = 0 (Default)
    thin = 1 (Default)
    adapt
      engaged = 1 (Default)
      gamma = 0.050000000000000003 (Default)
      delta = 0.80000000000000004 (Default)
      kappa = 0.75 (Default)
      t0 = 10 (Default)
      init_buffer = 75 (Default)
      term_buffer = 50 (Default)
      window = 25 (Default)
    algorithm = hmc (Default)
      hmc
        engine = nuts (Default)
          nuts
            max_depth = 10 (Default)
        metric = diag_e (Default)
        metric_file =  (Default)
        stepsize = 1 (Default)
        stepsize_jitter = 0 (Default)
id = 0 (Default)
data
  file = datafiles/cd4_data147_s3.Rdump
init = 2 (Default)
random
  seed = 1244
output
  file = output_csv/asm_deltavar_cd4.csv
  diagnostic_file =  (Default)
  refresh = 100 (Default)
  sig_figs = -1 (Default)
  profile_file = profile.csv (Default)
num_threads = 3

Rejecting initial value:
  Error evaluating the log probability at the initial value.
Exception: normal_lpdf: Location parameter[1] is nan, but must be finite! (in 'ontogeny_BUCHI/stan_models/MAP_asm_deltavar_cd4.stan', line 409, column 2 to column 52)
Rejecting initial value:
  Error evaluating the log probability at the initial value.
Exception: normal_lpdf: Location parameter[1] is nan, but must be finite! (in 'ontogeny_BUCHI/stan_models/MAP_asm_deltavar_cd4.stan', line 409, column 2 to column 52)
Rejecting initial value:
  Error evaluating the log probability at the initial value.
Exception: normal_lpdf: Location parameter[1] is nan, but must be finite! (in 'ontogeny_BUCHI/stan_models/MAP_asm_deltavar_cd4.stan', line 409, column 2 to column 52)
Rejecting initial value:
  Error evaluating the log probability at the initial value.
Exception: normal_lpdf: Location parameter[1] is nan, but must be finite! (in 'ontogeny_BUCHI/stan_models/MAP_asm_deltavar_cd4.stan', line 409, column 2 to column 52)
Rejecting initial value:
  Error evaluating the log probability at the initial value.
Exception: normal_lpdf: Location parameter[1] is nan, but must be finite! (in 'ontogeny_BUCHI/stan_models/MAP_asm_deltavar_cd4.stan', line 409, column 2 to column 52)
Rejecting initial value:
  Error evaluating the log probability at the initial value.
Exception: normal_lpdf: Location parameter[1] is nan, but must be finite! (in 'ontogeny_BUCHI/stan_models/MAP_asm_deltavar_cd4.stan', line 409, column 2 to column 52)
Rejecting initial value:
  Error evaluating the log probability at the initial value.
Exception: normal_lpdf: Location parameter[1] is nan, but must be finite! (in 'ontogeny_BUCHI/stan_models/MAP_asm_deltavar_cd4.stan', line 409, column 2 to column 52)
Rejecting initial value:
  Error evaluating the log probability at the initial value.
Exception: normal_lpdf: Location parameter[1] is nan, but must be finite! (in 'ontogeny_BUCHI/stan_models/MAP_asm_deltavar_cd4.stan', line 409, column 2 to column 52)
Rejecting initial value:
  Error evaluating the log probability at the initial value.
Exception: normal_lpdf: Location parameter[1] is nan, but must be finite! (in 'ontogeny_BUCHI/stan_models/MAP_asm_deltavar_cd4.stan', line 409, column 2 to column 52)
Rejecting initial value:
  Error evaluating the log probability at the initial value.
Exception: normal_lpdf: Location parameter[1] is nan, but must be finite! (in 'ontogeny_BUCHI/stan_models/MAP_asm_deltavar_cd4.stan', line 409, column 2 to column 52)
Rejecting initial value:
  Error evaluating the log probability at the initial value.
Exception: normal_lpdf: Location parameter[1] is nan, but must be finite! (in 'ontogeny_BUCHI/stan_models/MAP_asm_deltavar_cd4.stan', line 409, column 2 to column 52)
Rejecting initial value:
  Error evaluating the log probability at the initial value.
Exception: normal_lpdf: Location parameter[1] is nan, but must be finite! (in 'ontogeny_BUCHI/stan_models/MAP_asm_deltavar_cd4.stan', line 409, column 2 to column 52)
Rejecting initial value:
  Error evaluating the log probability at the initial value.
Exception: normal_lpdf: Location parameter[1] is nan, but must be finite! (in 'ontogeny_BUCHI/stan_models/MAP_asm_deltavar_cd4.stan', line 409, column 2 to column 52)
Rejecting initial value:
  Error evaluating the log probability at the initial value.
Exception: normal_lpdf: Location parameter[1] is nan, but must be finite! (in 'ontogeny_BUCHI/stan_models/MAP_asm_deltavar_cd4.stan', line 409, column 2 to column 52)
Rejecting initial value:
  Error evaluating the log probability at the initial value.
Exception: normal_lpdf: Location parameter[1] is nan, but must be finite! (in 'ontogeny_BUCHI/stan_models/MAP_asm_deltavar_cd4.stan', line 409, column 2 to column 52)
Rejecting initial value:
  Error evaluating the log probability at the initial value.
Exception: normal_lpdf: Location parameter[1] is nan, but must be finite! (in 'ontogeny_BUCHI/stan_models/MAP_asm_deltavar_cd4.stan', line 409, column 2 to column 52)
Rejecting initial value:
  Error evaluating the log probability at the initial value.
Exception: normal_lpdf: Location parameter[1] is nan, but must be finite! (in 'ontogeny_BUCHI/stan_models/MAP_asm_deltavar_cd4.stan', line 409, column 2 to column 52)
Rejecting initial value:
  Error evaluating the log probability at the initial value.
Exception: normal_lpdf: Location parameter[1] is nan, but must be finite! (in 'ontogeny_BUCHI/stan_models/MAP_asm_deltavar_cd4.stan', line 409, column 2 to column 52)
Rejecting initial value:
  Error evaluating the log probability at the initial value.
Exception: normal_lpdf: Location parameter[1] is nan, but must be finite! (in 'ontogeny_BUCHI/stan_models/MAP_asm_deltavar_cd4.stan', line 409, column 2 to column 52)
Rejecting initial value:
  Error evaluating the log probability at the initial value.
Exception: normal_lpdf: Location parameter[1] is nan, but must be finite! (in 'ontogeny_BUCHI/stan_models/MAP_asm_deltavar_cd4.stan', line 409, column 2 to column 52)
Rejecting initial value:
  Error evaluating the log probability at the initial value.
Exception: normal_lpdf: Location parameter[1] is nan, but must be finite! (in 'ontogeny_BUCHI/stan_models/MAP_asm_deltavar_cd4.stan', line 409, column 2 to column 52)
Rejecting initial value:
  Error evaluating the log probability at the initial value.
Exception: normal_lpdf: Location parameter[1] is nan, but must be finite! (in 'ontogeny_BUCHI/stan_models/MAP_asm_deltavar_cd4.stan', line 409, column 2 to column 52)
Rejecting initial value:
  Error evaluating the log probability at the initial value.
Exception: normal_lpdf: Location parameter[1] is nan, but must be finite! (in 'ontogeny_BUCHI/stan_models/MAP_asm_deltavar_cd4.stan', line 409, column 2 to column 52)
Rejecting initial value:
  Error evaluating the log probability at the initial value.
Exception: normal_lpdf: Location parameter[1] is nan, but must be finite! (in 'ontogeny_BUCHI/stan_models/MAP_asm_deltavar_cd4.stan', line 409, column 2 to column 52)
Rejecting initial value:
  Error evaluating the log probability at the initial value.
Exception: normal_lpdf: Location parameter[1] is nan, but must be finite! (in 'ontogeny_BUCHI/stan_models/MAP_asm_deltavar_cd4.stan', line 409, column 2 to column 52)
Rejecting initial value:
  Error evaluating the log probability at the initial value.
Exception: normal_lpdf: Location parameter[1] is nan, but must be finite! (in 'ontogeny_BUCHI/stan_models/MAP_asm_deltavar_cd4.stan', line 409, column 2 to column 52)
Rejecting initial value:
  Error evaluating the log probability at the initial value.
Exception: normal_lpdf: Location parameter[1] is nan, but must be finite! (in 'ontogeny_BUCHI/stan_models/MAP_asm_deltavar_cd4.stan', line 409, column 2 to column 52)
Rejecting initial value:
  Error evaluating the log probability at the initial value.
Exception: normal_lpdf: Location parameter[1] is nan, but must be finite! (in 'ontogeny_BUCHI/stan_models/MAP_asm_deltavar_cd4.stan', line 409, column 2 to column 52)
Rejecting initial value:
  Error evaluating the log probability at the initial value.
Exception: normal_lpdf: Location parameter[1] is nan, but must be finite! (in 'ontogeny_BUCHI/stan_models/MAP_asm_deltavar_cd4.stan', line 409, column 2 to column 52)
Rejecting initial value:
  Error evaluating the log probability at the initial value.
Exception: normal_lpdf: Location parameter[1] is nan, but must be finite! (in 'ontogeny_BUCHI/stan_models/MAP_asm_deltavar_cd4.stan', line 409, column 2 to column 52)
Rejecting initial value:
  Error evaluating the log probability at the initial value.
Exception: normal_lpdf: Location parameter[1] is nan, but must be finite! (in 'ontogeny_BUCHI/stan_models/MAP_asm_deltavar_cd4.stan', line 409, column 2 to column 52)
Rejecting initial value:
  Error evaluating the log probability at the initial value.
Exception: normal_lpdf: Location parameter[1] is nan, but must be finite! (in 'ontogeny_BUCHI/stan_models/MAP_asm_deltavar_cd4.stan', line 409, column 2 to column 52)
Rejecting initial value:
  Error evaluating the log probability at the initial value.
Exception: normal_lpdf: Location parameter[1] is nan, but must be finite! (in 'ontogeny_BUCHI/stan_models/MAP_asm_deltavar_cd4.stan', line 409, column 2 to column 52)
Rejecting initial value:
  Error evaluating the log probability at the initial value.
Exception: normal_lpdf: Location parameter[1] is nan, but must be finite! (in 'ontogeny_BUCHI/stan_models/MAP_asm_deltavar_cd4.stan', line 409, column 2 to column 52)
Rejecting initial value:
  Error evaluating the log probability at the initial value.
Exception: normal_lpdf: Location parameter[1] is nan, but must be finite! (in 'ontogeny_BUCHI/stan_models/MAP_asm_deltavar_cd4.stan', line 409, column 2 to column 52)
Rejecting initial value:
  Error evaluating the log probability at the initial value.
Exception: normal_lpdf: Location parameter[1] is nan, but must be finite! (in 'ontogeny_BUCHI/stan_models/MAP_asm_deltavar_cd4.stan', line 409, column 2 to column 52)
Rejecting initial value:
  Error evaluating the log probability at the initial value.
Exception: normal_lpdf: Location parameter[1] is nan, but must be finite! (in 'ontogeny_BUCHI/stan_models/MAP_asm_deltavar_cd4.stan', line 409, column 2 to column 52)
Rejecting initial value:
  Error evaluating the log probability at the initial value.
Exception: normal_lpdf: Location parameter[1] is nan, but must be finite! (in 'ontogeny_BUCHI/stan_models/MAP_asm_deltavar_cd4.stan', line 409, column 2 to column 52)
Rejecting initial value:
  Error evaluating the log probability at the initial value.
Exception: normal_lpdf: Location parameter[1] is nan, but must be finite! (in 'ontogeny_BUCHI/stan_models/MAP_asm_deltavar_cd4.stan', line 409, column 2 to column 52)
Rejecting initial value:
  Error evaluating the log probability at the initial value.
Exception: normal_lpdf: Location parameter[1] is nan, but must be finite! (in 'ontogeny_BUCHI/stan_models/MAP_asm_deltavar_cd4.stan', line 409, column 2 to column 52)
Rejecting initial value:
  Error evaluating the log probability at the initial value.
Exception: normal_lpdf: Location parameter[1] is nan, but must be finite! (in 'ontogeny_BUCHI/stan_models/MAP_asm_deltavar_cd4.stan', line 409, column 2 to column 52)
Rejecting initial value:
  Error evaluating the log probability at the initial value.
Exception: normal_lpdf: Location parameter[1] is nan, but must be finite! (in 'ontogeny_BUCHI/stan_models/MAP_asm_deltavar_cd4.stan', line 409, column 2 to column 52)
Rejecting initial value:
  Error evaluating the log probability at the initial value.
Exception: normal_lpdf: Location parameter[1] is nan, but must be finite! (in 'ontogeny_BUCHI/stan_models/MAP_asm_deltavar_cd4.stan', line 409, column 2 to column 52)
Rejecting initial value:
  Error evaluating the log probability at the initial value.
Exception: normal_lpdf: Location parameter[1] is nan, but must be finite! (in 'ontogeny_BUCHI/stan_models/MAP_asm_deltavar_cd4.stan', line 409, column 2 to column 52)
Rejecting initial value:
  Error evaluating the log probability at the initial value.
Exception: normal_lpdf: Location parameter[1] is nan, but must be finite! (in 'ontogeny_BUCHI/stan_models/MAP_asm_deltavar_cd4.stan', line 409, column 2 to column 52)
Rejecting initial value:
  Error evaluating the log probability at the initial value.
Exception: normal_lpdf: Location parameter[1] is nan, but must be finite! (in 'ontogeny_BUCHI/stan_models/MAP_asm_deltavar_cd4.stan', line 409, column 2 to column 52)
Rejecting initial value:
  Error evaluating the log probability at the initial value.
Exception: normal_lpdf: Location parameter[1] is nan, but must be finite! (in 'ontogeny_BUCHI/stan_models/MAP_asm_deltavar_cd4.stan', line 409, column 2 to column 52)
Rejecting initial value:
  Error evaluating the log probability at the initial value.
Exception: normal_lpdf: Location parameter[1] is nan, but must be finite! (in 'ontogeny_BUCHI/stan_models/MAP_asm_deltavar_cd4.stan', line 409, column 2 to column 52)
Rejecting initial value:
  Error evaluating the log probability at the initial value.
Exception: normal_lpdf: Location parameter[1] is nan, but must be finite! (in 'ontogeny_BUCHI/stan_models/MAP_asm_deltavar_cd4.stan', line 409, column 2 to column 52)
Rejecting initial value:
  Error evaluating the log probability at the initial value.
Exception: normal_lpdf: Location parameter[1] is nan, but must be finite! (in 'ontogeny_BUCHI/stan_models/MAP_asm_deltavar_cd4.stan', line 409, column 2 to column 52)
Rejecting initial value:
  Error evaluating the log probability at the initial value.
Exception: normal_lpdf: Location parameter[1] is nan, but must be finite! (in 'ontogeny_BUCHI/stan_models/MAP_asm_deltavar_cd4.stan', line 409, column 2 to column 52)
Rejecting initial value:
  Error evaluating the log probability at the initial value.
Exception: normal_lpdf: Location parameter[1] is nan, but must be finite! (in 'ontogeny_BUCHI/stan_models/MAP_asm_deltavar_cd4.stan', line 409, column 2 to column 52)
Rejecting initial value:
  Error evaluating the log probability at the initial value.
Exception: normal_lpdf: Location parameter[1] is nan, but must be finite! (in 'ontogeny_BUCHI/stan_models/MAP_asm_deltavar_cd4.stan', line 409, column 2 to column 52)
Rejecting initial value:
  Error evaluating the log probability at the initial value.
Exception: normal_lpdf: Location parameter[1] is nan, but must be finite! (in 'ontogeny_BUCHI/stan_models/MAP_asm_deltavar_cd4.stan', line 409, column 2 to column 52)
Rejecting initial value:
  Error evaluating the log probability at the initial value.
Exception: normal_lpdf: Location parameter[1] is nan, but must be finite! (in 'ontogeny_BUCHI/stan_models/MAP_asm_deltavar_cd4.stan', line 409, column 2 to column 52)
Rejecting initial value:
  Error evaluating the log probability at the initial value.
Exception: normal_lpdf: Location parameter[1] is nan, but must be finite! (in 'ontogeny_BUCHI/stan_models/MAP_asm_deltavar_cd4.stan', line 409, column 2 to column 52)
Rejecting initial value:
  Error evaluating the log probability at the initial value.
Exception: normal_lpdf: Location parameter[1] is nan, but must be finite! (in 'ontogeny_BUCHI/stan_models/MAP_asm_deltavar_cd4.stan', line 409, column 2 to column 52)
Rejecting initial value:
  Error evaluating the log probability at the initial value.
Exception: normal_lpdf: Location parameter[1] is nan, but must be finite! (in 'ontogeny_BUCHI/stan_models/MAP_asm_deltavar_cd4.stan', line 409, column 2 to column 52)
Rejecting initial value:
  Error evaluating the log probability at the initial value.
Exception: normal_lpdf: Location parameter[1] is nan, but must be finite! (in 'ontogeny_BUCHI/stan_models/MAP_asm_deltavar_cd4.stan', line 409, column 2 to column 52)
Rejecting initial value:
  Error evaluating the log probability at the initial value.
Exception: normal_lpdf: Location parameter[1] is nan, but must be finite! (in 'ontogeny_BUCHI/stan_models/MAP_asm_deltavar_cd4.stan', line 409, column 2 to column 52)
Rejecting initial value:
  Error evaluating the log probability at the initial value.
Exception: normal_lpdf: Location parameter[1] is nan, but must be finite! (in 'ontogeny_BUCHI/stan_models/MAP_asm_deltavar_cd4.stan', line 409, column 2 to column 52)
Rejecting initial value:
  Error evaluating the log probability at the initial value.
Exception: normal_lpdf: Location parameter[1] is nan, but must be finite! (in 'ontogeny_BUCHI/stan_models/MAP_asm_deltavar_cd4.stan', line 409, column 2 to column 52)
Rejecting initial value:
  Error evaluating the log probability at the initial value.
Exception: normal_lpdf: Location parameter[1] is nan, but must be finite! (in 'ontogeny_BUCHI/stan_models/MAP_asm_deltavar_cd4.stan', line 409, column 2 to column 52)
Rejecting initial value:
  Error evaluating the log probability at the initial value.
Exception: normal_lpdf: Location parameter[1] is nan, but must be finite! (in 'ontogeny_BUCHI/stan_models/MAP_asm_deltavar_cd4.stan', line 409, column 2 to column 52)
Rejecting initial value:
  Error evaluating the log probability at the initial value.
Exception: normal_lpdf: Location parameter[1] is nan, but must be finite! (in 'ontogeny_BUCHI/stan_models/MAP_asm_deltavar_cd4.stan', line 409, column 2 to column 52)
Rejecting initial value:
  Error evaluating the log probability at the initial value.
Exception: normal_lpdf: Location parameter[1] is nan, but must be finite! (in 'ontogeny_BUCHI/stan_models/MAP_asm_deltavar_cd4.stan', line 409, column 2 to column 52)
Rejecting initial value:
  Error evaluating the log probability at the initial value.
Exception: normal_lpdf: Location parameter[1] is nan, but must be finite! (in 'ontogeny_BUCHI/stan_models/MAP_asm_deltavar_cd4.stan', line 409, column 2 to column 52)
Rejecting initial value:
  Error evaluating the log probability at the initial value.
Exception: normal_lpdf: Location parameter[1] is nan, but must be finite! (in 'ontogeny_BUCHI/stan_models/MAP_asm_deltavar_cd4.stan', line 409, column 2 to column 52)
Rejecting initial value:
  Error evaluating the log probability at the initial value.
Exception: normal_lpdf: Location parameter[1] is nan, but must be finite! (in 'ontogeny_BUCHI/stan_models/MAP_asm_deltavar_cd4.stan', line 409, column 2 to column 52)
Rejecting initial value:
  Error evaluating the log probability at the initial value.
Exception: normal_lpdf: Location parameter[1] is nan, but must be finite! (in 'ontogeny_BUCHI/stan_models/MAP_asm_deltavar_cd4.stan', line 409, column 2 to column 52)
Rejecting initial value:
  Error evaluating the log probability at the initial value.
Exception: normal_lpdf: Location parameter[1] is nan, but must be finite! (in 'ontogeny_BUCHI/stan_models/MAP_asm_deltavar_cd4.stan', line 409, column 2 to column 52)
Rejecting initial value:
  Error evaluating the log probability at the initial value.
Exception: normal_lpdf: Location parameter[1] is nan, but must be finite! (in 'ontogeny_BUCHI/stan_models/MAP_asm_deltavar_cd4.stan', line 409, column 2 to column 52)
Rejecting initial value:
  Error evaluating the log probability at the initial value.
Exception: normal_lpdf: Location parameter[1] is nan, but must be finite! (in 'ontogeny_BUCHI/stan_models/MAP_asm_deltavar_cd4.stan', line 409, column 2 to column 52)
Rejecting initial value:
  Error evaluating the log probability at the initial value.
Exception: normal_lpdf: Location parameter[1] is nan, but must be finite! (in 'ontogeny_BUCHI/stan_models/MAP_asm_deltavar_cd4.stan', line 409, column 2 to column 52)
Rejecting initial value:
  Error evaluating the log probability at the initial value.
Exception: normal_lpdf: Location parameter[1] is nan, but must be finite! (in 'ontogeny_BUCHI/stan_models/MAP_asm_deltavar_cd4.stan', line 409, column 2 to column 52)
Rejecting initial value:
  Error evaluating the log probability at the initial value.
Exception: normal_lpdf: Location parameter[1] is nan, but must be finite! (in 'ontogeny_BUCHI/stan_models/MAP_asm_deltavar_cd4.stan', line 409, column 2 to column 52)
Rejecting initial value:
  Error evaluating the log probability at the initial value.
Exception: normal_lpdf: Location parameter[1] is nan, but must be finite! (in 'ontogeny_BUCHI/stan_models/MAP_asm_deltavar_cd4.stan', line 409, column 2 to column 52)
Rejecting initial value:
  Error evaluating the log probability at the initial value.
Exception: normal_lpdf: Location parameter[1] is nan, but must be finite! (in 'ontogeny_BUCHI/stan_models/MAP_asm_deltavar_cd4.stan', line 409, column 2 to column 52)
Rejecting initial value:
  Error evaluating the log probability at the initial value.
Exception: normal_lpdf: Location parameter[1] is nan, but must be finite! (in 'ontogeny_BUCHI/stan_models/MAP_asm_deltavar_cd4.stan', line 409, column 2 to column 52)
Rejecting initial value:
  Error evaluating the log probability at the initial value.
Exception: normal_lpdf: Location parameter[1] is nan, but must be finite! (in 'ontogeny_BUCHI/stan_models/MAP_asm_deltavar_cd4.stan', line 409, column 2 to column 52)
Rejecting initial value:
  Error evaluating the log probability at the initial value.
Exception: normal_lpdf: Location parameter[1] is nan, but must be finite! (in 'ontogeny_BUCHI/stan_models/MAP_asm_deltavar_cd4.stan', line 409, column 2 to column 52)
Rejecting initial value:
  Error evaluating the log probability at the initial value.
Exception: normal_lpdf: Location parameter[1] is nan, but must be finite! (in 'ontogeny_BUCHI/stan_models/MAP_asm_deltavar_cd4.stan', line 409, column 2 to column 52)
Rejecting initial value:
  Error evaluating the log probability at the initial value.
Exception: normal_lpdf: Location parameter[1] is nan, but must be finite! (in 'ontogeny_BUCHI/stan_models/MAP_asm_deltavar_cd4.stan', line 409, column 2 to column 52)
Rejecting initial value:
  Error evaluating the log probability at the initial value.
Exception: normal_lpdf: Location parameter[1] is nan, but must be finite! (in 'ontogeny_BUCHI/stan_models/MAP_asm_deltavar_cd4.stan', line 409, column 2 to column 52)
Rejecting initial value:
  Error evaluating the log probability at the initial value.
Exception: normal_lpdf: Location parameter[1] is nan, but must be finite! (in 'ontogeny_BUCHI/stan_models/MAP_asm_deltavar_cd4.stan', line 409, column 2 to column 52)
Rejecting initial value:
  Error evaluating the log probability at the initial value.
Exception: normal_lpdf: Location parameter[1] is nan, but must be finite! (in 'ontogeny_BUCHI/stan_models/MAP_asm_deltavar_cd4.stan', line 409, column 2 to column 52)
Rejecting initial value:
  Error evaluating the log probability at the initial value.
Exception: normal_lpdf: Location parameter[1] is nan, but must be finite! (in 'ontogeny_BUCHI/stan_models/MAP_asm_deltavar_cd4.stan', line 409, column 2 to column 52)
Rejecting initial value:
  Error evaluating the log probability at the initial value.
Exception: normal_lpdf: Location parameter[1] is nan, but must be finite! (in 'ontogeny_BUCHI/stan_models/MAP_asm_deltavar_cd4.stan', line 409, column 2 to column 52)
Rejecting initial value:
  Error evaluating the log probability at the initial value.
Exception: normal_lpdf: Location parameter[1] is nan, but must be finite! (in 'ontogeny_BUCHI/stan_models/MAP_asm_deltavar_cd4.stan', line 409, column 2 to column 52)
Rejecting initial value:
  Error evaluating the log probability at the initial value.
Exception: normal_lpdf: Location parameter[1] is nan, but must be finite! (in 'ontogeny_BUCHI/stan_models/MAP_asm_deltavar_cd4.stan', line 409, column 2 to column 52)
Rejecting initial value:
  Error evaluating the log probability at the initial value.
Exception: normal_lpdf: Location parameter[1] is nan, but must be finite! (in 'ontogeny_BUCHI/stan_models/MAP_asm_deltavar_cd4.stan', line 409, column 2 to column 52)
Rejecting initial value:
  Error evaluating the log probability at the initial value.
Exception: normal_lpdf: Location parameter[1] is nan, but must be finite! (in 'ontogeny_BUCHI/stan_models/MAP_asm_deltavar_cd4.stan', line 409, column 2 to column 52)
Rejecting initial value:
  Error evaluating the log probability at the initial value.
Exception: normal_lpdf: Location parameter[1] is nan, but must be finite! (in 'ontogeny_BUCHI/stan_models/MAP_asm_deltavar_cd4.stan', line 409, column 2 to column 52)
Rejecting initial value:
  Error evaluating the log probability at the initial value.
Exception: normal_lpdf: Location parameter[1] is nan, but must be finite! (in 'ontogeny_BUCHI/stan_models/MAP_asm_deltavar_cd4.stan', line 409, column 2 to column 52)
Rejecting initial value:
  Error evaluating the log probability at the initial value.
Exception: normal_lpdf: Location parameter[1] is nan, but must be finite! (in 'ontogeny_BUCHI/stan_models/MAP_asm_deltavar_cd4.stan', line 409, column 2 to column 52)
Rejecting initial value:
  Error evaluating the log probability at the initial value.
Exception: normal_lpdf: Location parameter[1] is nan, but must be finite! (in 'ontogeny_BUCHI/stan_models/MAP_asm_deltavar_cd4.stan', line 409, column 2 to column 52)
Rejecting initial value:
  Error evaluating the log probability at the initial value.
Exception: normal_lpdf: Location parameter[1] is nan, but must be finite! (in 'ontogeny_BUCHI/stan_models/MAP_asm_deltavar_cd4.stan', line 409, column 2 to column 52)
Rejecting initial value:
  Error evaluating the log probability at the initial value.
Exception: normal_lpdf: Location parameter[1] is nan, but must be finite! (in 'ontogeny_BUCHI/stan_models/MAP_asm_deltavar_cd4.stan', line 409, column 2 to column 52)
Rejecting initial value:
  Error evaluating the log probability at the initial value.
Exception: normal_lpdf: Location parameter[1] is nan, but must be finite! (in 'ontogeny_BUCHI/stan_models/MAP_asm_deltavar_cd4.stan', line 409, column 2 to column 52)
Rejecting initial value:
  Error evaluating the log probability at the initial value.
Exception: normal_lpdf: Location parameter[1] is nan, but must be finite! (in 'ontogeny_BUCHI/stan_models/MAP_asm_deltavar_cd4.stan', line 409, column 2 to column 52)

Initialization between (-2, 2) failed after 100 attempts. 
 Try specifying initial values, reducing ranges of constrained values, or reparameterizing the model.
